# JRE version: OpenJDK Runtime Environment (8.0_76-b03) (build 1.8.0_76-release-b03)
# Java VM: OpenJDK 64-Bit Server VM (25.76-b03 mixed mode linux-amd64 compressed oops)
Heap:
 PSYoungGen      total 168960K, used 15349K [0x00000000e0000000, 0x00000000eb500000, 0x0000000100000000)
  eden space 153600K, 0% used [0x00000000e0000000,0x00000000e0000000,0x00000000e9600000)
  from space 15360K, 99% used [0x00000000e9600000,0x00000000ea4fd430,0x00000000ea500000)
  to   space 15872K, 0% used [0x00000000ea500000,0x00000000ea500000,0x00000000eb480000)
 ParOldGen       total 83968K, used 56371K [0x00000000a0000000, 0x00000000a5200000, 0x00000000e0000000)
  object space 83968K, 67% used [0x00000000a0000000,0x00000000a370ccc8,0x00000000a5200000)
 Metaspace       used 65479K, capacity 67616K, committed 67840K, reserved 1107968K
  class space    used 8202K, capacity 8584K, committed 8704K, reserved 1048576K
GC Heap History (10 events):
Event: 340.442 GC heap after
Heap after GC invocations=27 (full 4):
 PSYoungGen      total 142336K, used 12987K [0x00000000e0000000, 0x00000000e9f80000, 0x0000000100000000)
  eden space 128512K, 0% used [0x00000000e0000000,0x00000000e0000000,0x00000000e7d80000)
  from space 13824K, 93% used [0x00000000e7d80000,0x00000000e8a2edd8,0x00000000e8b00000)
  to   space 15360K, 0% used [0x00000000e9080000,0x00000000e9080000,0x00000000e9f80000)
 ParOldGen       total 83968K, used 35441K [0x00000000a0000000, 0x00000000a5200000, 0x00000000e0000000)
  object space 83968K, 42% used [0x00000000a0000000,0x00000000a229c418,0x00000000a5200000)
 Metaspace       used 59942K, capacity 61756K, committed 62080K, reserved 1103872K
  class space    used 7631K, capacity 7952K, committed 8064K, reserved 1048576K
}
Event: 341.413 GC heap before
{Heap before GC invocations=28 (full 4):
 PSYoungGen      total 142336K, used 35089K [0x00000000e0000000, 0x00000000e9f80000, 0x0000000100000000)
  eden space 128512K, 17% used [0x00000000e0000000,0x00000000e1595798,0x00000000e7d80000)
  from space 13824K, 93% used [0x00000000e7d80000,0x00000000e8a2edd8,0x00000000e8b00000)
  to   space 15360K, 0% used [0x00000000e9080000,0x00000000e9080000,0x00000000e9f80000)
 ParOldGen       total 83968K, used 35441K [0x00000000a0000000, 0x00000000a5200000, 0x00000000e0000000)
  object space 83968K, 42% used [0x00000000a0000000,0x00000000a229c418,0x00000000a5200000)
 Metaspace       used 60163K, capacity 61948K, committed 62080K, reserved 1103872K
  class space    used 7632K, capacity 7952K, committed 8064K, reserved 1048576K
Event: 341.420 GC heap after
Heap after GC invocations=28 (full 4):
 PSYoungGen      total 147968K, used 3152K [0x00000000e0000000, 0x00000000e9f80000, 0x0000000100000000)
  eden space 132608K, 0% used [0x00000000e0000000,0x00000000e0000000,0x00000000e8180000)
  from space 15360K, 20% used [0x00000000e9080000,0x00000000e9394010,0x00000000e9f80000)
  to   space 15360K, 0% used [0x00000000e8180000,0x00000000e8180000,0x00000000e9080000)
 ParOldGen       total 83968K, used 35449K [0x00000000a0000000, 0x00000000a5200000, 0x00000000e0000000)
  object space 83968K, 42% used [0x00000000a0000000,0x00000000a229e418,0x00000000a5200000)
 Metaspace       used 60163K, capacity 61948K, committed 62080K, reserved 1103872K
  class space    used 7632K, capacity 7952K, committed 8064K, reserved 1048576K
}
Event: 341.420 GC heap before
{Heap before GC invocations=29 (full 5):
 PSYoungGen      total 147968K, used 3152K [0x00000000e0000000, 0x00000000e9f80000, 0x0000000100000000)
  eden space 132608K, 0% used [0x00000000e0000000,0x00000000e0000000,0x00000000e8180000)
  from space 15360K, 20% used [0x00000000e9080000,0x00000000e9394010,0x00000000e9f80000)
  to   space 15360K, 0% used [0x00000000e8180000,0x00000000e8180000,0x00000000e9080000)
 ParOldGen       total 83968K, used 35449K [0x00000000a0000000, 0x00000000a5200000, 0x00000000e0000000)
  object space 83968K, 42% used [0x00000000a0000000,0x00000000a229e418,0x00000000a5200000)
 Metaspace       used 60163K, capacity 61948K, committed 62080K, reserved 1103872K
  class space    used 7632K, capacity 7952K, committed 8064K, reserved 1048576K
Event: 341.754 GC heap after
Heap after GC invocations=29 (full 5):
 PSYoungGen      total 147968K, used 0K [0x00000000e0000000, 0x00000000e9f80000, 0x0000000100000000)
  eden space 132608K, 0% used [0x00000000e0000000,0x00000000e0000000,0x00000000e8180000)
  from space 15360K, 0% used [0x00000000e9080000,0x00000000e9080000,0x00000000e9f80000)
  to   space 15360K, 0% used [0x00000000e8180000,0x00000000e8180000,0x00000000e9080000)
 ParOldGen       total 83968K, used 35342K [0x00000000a0000000, 0x00000000a5200000, 0x00000000e0000000)
  object space 83968K, 42% used [0x00000000a0000000,0x00000000a22839d0,0x00000000a5200000)
 Metaspace       used 60163K, capacity 61948K, committed 62080K, reserved 1103872K
  class space    used 7632K, capacity 7952K, committed 8064K, reserved 1048576K
}
Event: 730.885 GC heap before
{Heap before GC invocations=30 (full 5):
 PSYoungGen      total 147968K, used 132608K [0x00000000e0000000, 0x00000000e9f80000, 0x0000000100000000)
  eden space 132608K, 100% used [0x00000000e0000000,0x00000000e8180000,0x00000000e8180000)
  from space 15360K, 0% used [0x00000000e9080000,0x00000000e9080000,0x00000000e9f80000)
  to   space 15360K, 0% used [0x00000000e8180000,0x00000000e8180000,0x00000000e9080000)
 ParOldGen       total 83968K, used 35342K [0x00000000a0000000, 0x00000000a5200000, 0x00000000e0000000)
  object space 83968K, 42% used [0x00000000a0000000,0x00000000a22839d0,0x00000000a5200000)
 Metaspace       used 60381K, capacity 62262K, committed 62336K, reserved 1103872K
  class space    used 7647K, capacity 8003K, committed 8064K, reserved 1048576K
Event: 730.945 GC heap after
Heap after GC invocations=30 (full 5):
 PSYoungGen      total 147968K, used 9786K [0x00000000e0000000, 0x00000000eb480000, 0x0000000100000000)
  eden space 132608K, 0% used [0x00000000e0000000,0x00000000e0000000,0x00000000e8180000)
  from space 15360K, 63% used [0x00000000e8180000,0x00000000e8b0e8a8,0x00000000e9080000)
  to   space 15872K, 0% used [0x00000000ea500000,0x00000000ea500000,0x00000000eb480000)
 ParOldGen       total 83968K, used 35350K [0x00000000a0000000, 0x00000000a5200000, 0x00000000e0000000)
  object space 83968K, 42% used [0x00000000a0000000,0x00000000a22859d0,0x00000000a5200000)
 Metaspace       used 60381K, capacity 62262K, committed 62336K, reserved 1103872K
  class space    used 7647K, capacity 8003K, committed 8064K, reserved 1048576K
}
Event: 741.899 GC heap before
{Heap before GC invocations=31 (full 5):
 PSYoungGen      total 147968K, used 142394K [0x00000000e0000000, 0x00000000eb480000, 0x0000000100000000)
  eden space 132608K, 100% used [0x00000000e0000000,0x00000000e8180000,0x00000000e8180000)
  from space 15360K, 63% used [0x00000000e8180000,0x00000000e8b0e8a8,0x00000000e9080000)
  to   space 15872K, 0% used [0x00000000ea500000,0x00000000ea500000,0x00000000eb480000)
 ParOldGen       total 83968K, used 35350K [0x00000000a0000000, 0x00000000a5200000, 0x00000000e0000000)
  object space 83968K, 42% used [0x00000000a0000000,0x00000000a22859d0,0x00000000a5200000)
 Metaspace       used 61548K, capacity 63592K, committed 63744K, reserved 1105920K
  class space    used 7795K, capacity 8170K, committed 8192K, reserved 1048576K
Event: 742.125 GC heap after
Heap after GC invocations=31 (full 5):
 PSYoungGen      total 169472K, used 5074K [0x00000000e0000000, 0x00000000eb500000, 0x0000000100000000)
  eden space 153600K, 0% used [0x00000000e0000000,0x00000000e0000000,0x00000000e9600000)
  from space 15872K, 31% used [0x00000000ea500000,0x00000000ea9f4840,0x00000000eb480000)
  to   space 15360K, 0% used [0x00000000e9600000,0x00000000e9600000,0x00000000ea500000)
 ParOldGen       total 83968K, used 35358K [0x00000000a0000000, 0x00000000a5200000, 0x00000000e0000000)
  object space 83968K, 42% used [0x00000000a0000000,0x00000000a22879d0,0x00000000a5200000)
 Metaspace       used 61548K, capacity 63592K, committed 63744K, reserved 1105920K
  class space    used 7795K, capacity 8170K, committed 8192K, reserved 1048576K
}
Event: 1127.715 GC heap before
{Heap before GC invocations=32 (full 5):
 PSYoungGen      total 169472K, used 158674K [0x00000000e0000000, 0x00000000eb500000, 0x0000000100000000)
  eden space 153600K, 100% used [0x00000000e0000000,0x00000000e9600000,0x00000000e9600000)
  from space 15872K, 31% used [0x00000000ea500000,0x00000000ea9f4840,0x00000000eb480000)
  to   space 15360K, 0% used [0x00000000e9600000,0x00000000e9600000,0x00000000ea500000)
 ParOldGen       total 83968K, used 35358K [0x00000000a0000000, 0x00000000a5200000, 0x00000000e0000000)
  object space 83968K, 42% used [0x00000000a0000000,0x00000000a22879d0,0x00000000a5200000)
 Metaspace       used 65479K, capacity 67616K, committed 67840K, reserved 1107968K
  class space    used 8202K, capacity 8584K, committed 8704K, reserved 1048576K

